Build started 09/01/2016 21:59:19.
     1>Project "C:\Users\Ludwig\Documents\GitHub\C_Assignments\Mjukvarukomponenter\SFML\Game\Game\Game\Game.vcxproj" on node 2 (Build target(s)).
     1>ClCompile:
         C:\Program Files (x86)\Microsoft Visual Studio 12.0\VC\bin\CL.exe /c /I"C:\SFML-2.3.2\include" /ZI /nologo /W3 /WX- /sdl /Od /Oy- /D WIN32 /D _DEBUG /D _CONSOLE /D _LIB /D _UNICODE /D UNICODE /Gm /EHsc /RTC1 /MDd /GS /fp:precise /Zc:wchar_t /Zc:forScope /Fo"Debug\\" /Fd"Debug\vc120.pdb" /Gd /TP /analyze- /errorReport:prompt Block.cpp Game.cpp
         Game.cpp
     1>c:\users\ludwig\documents\github\c_assignments\mjukvarukomponenter\sfml\game\game\game\game.cpp(15): warning C4244: 'argument' : conversion from 'time_t' to 'unsigned int', possible loss of data
     1>c:\users\ludwig\documents\github\c_assignments\mjukvarukomponenter\sfml\game\game\game\game.cpp(150): warning C4244: 'argument' : conversion from 'int' to 'float', possible loss of data
         Block.cpp
         Generating Code...
       Link:
         C:\Program Files (x86)\Microsoft Visual Studio 12.0\VC\bin\link.exe /ERRORREPORT:PROMPT /OUT:"C:\Users\Ludwig\Documents\GitHub\C_Assignments\Mjukvarukomponenter\SFML\Game\Game\Debug\Game.exe" /INCREMENTAL /NOLOGO /LIBPATH:"C:\SFML-2.3.2\lib" "sfml-main-d.lib" "sfml-graphics-d.lib" "sfml-system-d.lib" "sfml-window-d.lib" "sfml-audio-d.lib" kernel32.lib user32.lib gdi32.lib winspool.lib comdlg32.lib advapi32.lib shell32.lib ole32.lib oleaut32.lib uuid.lib odbc32.lib odbccp32.lib /MANIFEST /MANIFESTUAC:"level='asInvoker' uiAccess='false'" /manifest:embed /DEBUG /PDB:"C:\Users\Ludwig\Documents\GitHub\C_Assignments\Mjukvarukomponenter\SFML\Game\Game\Debug\Game.pdb" /TLBID:1 /DYNAMICBASE /NXCOMPAT /IMPLIB:"C:\Users\Ludwig\Documents\GitHub\C_Assignments\Mjukvarukomponenter\SFML\Game\Game\Debug\Game.lib" /MACHINE:X86 Debug\Block.obj
         Debug\Entity.obj
         Debug\EntityDecorator.obj
         Debug\Game.obj
         Debug\Main.obj
         Debug\Player.obj
         Game.vcxproj -> C:\Users\Ludwig\Documents\GitHub\C_Assignments\Mjukvarukomponenter\SFML\Game\Game\Debug\Game.exe
     1>Done Building Project "C:\Users\Ludwig\Documents\GitHub\C_Assignments\Mjukvarukomponenter\SFML\Game\Game\Game\Game.vcxproj" (Build target(s)).

Build succeeded.

Time Elapsed 00:00:01.62
