c:\work\virtualgameconsole\virtualgameconsole\debug\vc120.pdb
c:\work\virtualgameconsole\virtualgameconsole\debug\vc120.idb
c:\work\virtualgameconsole\virtualgameconsole\debug\vgcbootstrap.obj
c:\work\virtualgameconsole\virtualgameconsole\debug\vgcbus.obj
c:\work\virtualgameconsole\virtualgameconsole\debug\vgcclock.obj
c:\work\virtualgameconsole\virtualgameconsole\debug\vgccolor.obj
c:\work\virtualgameconsole\virtualgameconsole\debug\vgcdisplay.obj
c:\work\virtualgameconsole\virtualgameconsole\debug\vgcerror.obj
c:\work\virtualgameconsole\virtualgameconsole\debug\vgcfontimp.obj
c:\work\virtualgameconsole\virtualgameconsole\debug\vgcgdiplus.obj
c:\work\virtualgameconsole\virtualgameconsole\debug\vgchandler.obj
c:\work\virtualgameconsole\virtualgameconsole\debug\vgcimageimp.obj
c:\work\virtualgameconsole\virtualgameconsole\debug\vgckey.obj
c:\work\virtualgameconsole\virtualgameconsole\debug\vgckeyboard.obj
c:\work\virtualgameconsole\virtualgameconsole\debug\vgcmessage.obj
c:\work\virtualgameconsole\virtualgameconsole\debug\vgcrandomizer.obj
c:\work\virtualgameconsole\virtualgameconsole\debug\vgcrectangle.obj
c:\work\virtualgameconsole\virtualgameconsole\debug\vgcreferenced.obj
c:\work\virtualgameconsole\virtualgameconsole\debug\vgctimerimp.obj
c:\work\virtualgameconsole\virtualgameconsole\debug\vgcvector.obj
c:\work\virtualgameconsole\virtualgameconsole\debug\vgcvirtualgameconsole.obj
c:\work\virtualgameconsole\virtualgameconsole\debug\vgcwindow.obj
c:\work\virtualgameconsole\virtualgameconsole\debug\vgcadjustment.obj
c:\work\virtualgameconsole\virtualgameconsole\debug\vgcassert.obj
c:\work\virtualgameconsole\virtualgameconsole\debug\virtualgameconsole.lib
c:\work\virtualgameconsole\virtualgameconsole\debug\virtualg.dcb8782e.tlog\cl.command.1.tlog
c:\work\virtualgameconsole\virtualgameconsole\debug\virtualg.dcb8782e.tlog\cl.read.1.tlog
c:\work\virtualgameconsole\virtualgameconsole\debug\virtualg.dcb8782e.tlog\cl.write.1.tlog
c:\work\virtualgameconsole\virtualgameconsole\debug\virtualg.dcb8782e.tlog\lib-link.read.1.tlog
c:\work\virtualgameconsole\virtualgameconsole\debug\virtualg.dcb8782e.tlog\lib-link.write.1.tlog
c:\work\virtualgameconsole\virtualgameconsole\debug\virtualg.dcb8782e.tlog\lib.command.1.tlog
