c:\work\virtualgameconsole\virtualgameconsole\release\vc120.pdb
c:\work\virtualgameconsole\virtualgameconsole\release\vgcvector.obj
c:\work\virtualgameconsole\virtualgameconsole\release\vgctimerimp.obj
c:\work\virtualgameconsole\virtualgameconsole\release\vgcreferenced.obj
c:\work\virtualgameconsole\virtualgameconsole\release\vgcrectangle.obj
c:\work\virtualgameconsole\virtualgameconsole\release\vgcrandomizer.obj
c:\work\virtualgameconsole\virtualgameconsole\release\vgcmessage.obj
c:\work\virtualgameconsole\virtualgameconsole\release\vgckeyboard.obj
c:\work\virtualgameconsole\virtualgameconsole\release\vgckey.obj
c:\work\virtualgameconsole\virtualgameconsole\release\vgcimageimp.obj
c:\work\virtualgameconsole\virtualgameconsole\release\vgchandler.obj
c:\work\virtualgameconsole\virtualgameconsole\release\vgcgdiplus.obj
c:\work\virtualgameconsole\virtualgameconsole\release\vgcfontimp.obj
c:\work\virtualgameconsole\virtualgameconsole\release\vgcerror.obj
c:\work\virtualgameconsole\virtualgameconsole\release\vgcdisplay.obj
c:\work\virtualgameconsole\virtualgameconsole\release\vgccolor.obj
c:\work\virtualgameconsole\virtualgameconsole\release\vgcclock.obj
c:\work\virtualgameconsole\virtualgameconsole\release\vgcbus.obj
c:\work\virtualgameconsole\virtualgameconsole\release\vgcbootstrap.obj
c:\work\virtualgameconsole\virtualgameconsole\release\vgcassert.obj
c:\work\virtualgameconsole\virtualgameconsole\release\vgcadjustment.obj
c:\work\virtualgameconsole\virtualgameconsole\release\vgcwindow.obj
c:\work\virtualgameconsole\virtualgameconsole\release\vgcvirtualgameconsole.obj
c:\work\virtualgameconsole\virtualgameconsole\release\virtualgameconsole.lib
c:\work\virtualgameconsole\virtualgameconsole\release\virtualg.dcb8782e.tlog\cl.command.1.tlog
c:\work\virtualgameconsole\virtualgameconsole\release\virtualg.dcb8782e.tlog\cl.read.1.tlog
c:\work\virtualgameconsole\virtualgameconsole\release\virtualg.dcb8782e.tlog\cl.write.1.tlog
c:\work\virtualgameconsole\virtualgameconsole\release\virtualg.dcb8782e.tlog\lib-link.read.1.tlog
c:\work\virtualgameconsole\virtualgameconsole\release\virtualg.dcb8782e.tlog\lib-link.write.1.tlog
c:\work\virtualgameconsole\virtualgameconsole\release\virtualg.dcb8782e.tlog\lib.command.1.tlog
