Build started 2015-11-27 23:16:39.
     1>Project "D:\Users\Ludwig\Documents\GitHub\C_Assignments\Mjukvarukomponenter\Geometry\Geometry\Geometry.vcxproj" on node 2 (Build target(s)).
     1>ClCompile:
         D:\Program Files (x86)\Microsoft Visual Studio 12.0\VC\bin\CL.exe /c /ZI /nologo /W3 /WX- /sdl /Od /Oy- /D WIN32 /D _DEBUG /D _CONSOLE /D _LIB /D _UNICODE /D UNICODE /Gm /EHsc /RTC1 /MDd /GS /fp:precise /Zc:wchar_t /Zc:forScope /Fo"Debug\\" /Fd"Debug\vc120.pdb" /Gd /TP /analyze- /errorReport:prompt Main.cpp ShapeTool.cpp Square.cpp
         ShapeTool.cpp
         Main.cpp
         Generating Code...
         Skipping... (no relevant changes detected)
         Square.cpp
       Link:
         D:\Program Files (x86)\Microsoft Visual Studio 12.0\VC\bin\link.exe /ERRORREPORT:PROMPT /OUT:"D:\Users\Ludwig\Documents\GitHub\C_Assignments\Mjukvarukomponenter\Geometry\Debug\Geometry.exe" /INCREMENTAL /NOLOGO kernel32.lib user32.lib gdi32.lib winspool.lib comdlg32.lib advapi32.lib shell32.lib ole32.lib oleaut32.lib uuid.lib odbc32.lib odbccp32.lib /MANIFEST /MANIFESTUAC:"level='asInvoker' uiAccess='false'" /manifest:embed /DEBUG /PDB:"D:\Users\Ludwig\Documents\GitHub\C_Assignments\Mjukvarukomponenter\Geometry\Debug\Geometry.pdb" /SUBSYSTEM:CONSOLE /TLBID:1 /DYNAMICBASE /NXCOMPAT /IMPLIB:"D:\Users\Ludwig\Documents\GitHub\C_Assignments\Mjukvarukomponenter\Geometry\Debug\Geometry.lib" /MACHINE:X86 Debug\Circle.obj
         Debug\Container.obj
         Debug\Main.obj
         Debug\Shape.obj
         Debug\ShapeTool.obj
         Debug\Square.obj
         Debug\Triangle.obj
         Geometry.vcxproj -> D:\Users\Ludwig\Documents\GitHub\C_Assignments\Mjukvarukomponenter\Geometry\Debug\Geometry.exe
     1>Done Building Project "D:\Users\Ludwig\Documents\GitHub\C_Assignments\Mjukvarukomponenter\Geometry\Geometry\Geometry.vcxproj" (Build target(s)).

Build succeeded.

Time Elapsed 00:00:01.30
